Log file open, 05/03/20 10:48:25
LogWindows: Failed to load 'aqProf.dll' (GetLastError=126)
LogWindows: File 'aqProf.dll' does not exist
LogWindows: Failed to load 'VtuneApi.dll' (GetLastError=126)
LogWindows: File 'VtuneApi.dll' does not exist
LogWindows: Failed to load 'VtuneApi32e.dll' (GetLastError=126)
LogWindows: File 'VtuneApi32e.dll' does not exist
LogConsoleResponse: Display: Failed to find resolution value strings in scalability ini. Falling back to default.
LogInit: Display: Running engine for game: CharacterandAI
LogPlatformFile: Not using cached read wrapper
LogTaskGraph: Started task graph with 5 named threads and 23 total threads with 3 sets of task threads.
LogStats: Stats thread started at 4.982081
LogD3D11RHI: Loaded GFSDK_Aftermath_Lib.x64.dll
LogICUInternationalization: ICU TimeZone Detection - Raw Offset: -5:00, Platform Override: ''
LogPluginManager: Mounting plugin Paper2D
LogPluginManager: Mounting plugin AISupport
LogPluginManager: Mounting plugin LightPropagationVolume
LogPluginManager: Mounting plugin ActorLayerUtilities
LogPluginManager: Mounting plugin AnimationSharing
LogPluginManager: Mounting plugin CLionSourceCodeAccess
LogPluginManager: Mounting plugin CodeLiteSourceCodeAccess
LogPluginManager: Mounting plugin GitSourceControl
LogPluginManager: Mounting plugin KDevelopSourceCodeAccess
LogPluginManager: Mounting plugin NullSourceCodeAccess
LogPluginManager: Mounting plugin PerforceSourceControl
LogPluginManager: Mounting plugin PlasticSourceControl
LogPluginManager: Mounting plugin SubversionSourceControl
LogPluginManager: Mounting plugin UObjectPlugin
LogPluginManager: Mounting plugin VisualStudioCodeSourceCodeAccess
LogPluginManager: Mounting plugin VisualStudioSourceCodeAccess
LogPluginManager: Mounting plugin XCodeSourceCodeAccess
LogPluginManager: Mounting plugin AssetManagerEditor
LogPluginManager: Mounting plugin CryptoKeys
LogPluginManager: Mounting plugin CurveEditorTools
LogPluginManager: Mounting plugin DataValidation
LogPluginManager: Mounting plugin FacialAnimation
LogPluginManager: Mounting plugin GameplayTagsEditor
LogPluginManager: Mounting plugin MacGraphicsSwitching
LogPluginManager: Mounting plugin MaterialAnalyzer
LogPluginManager: Mounting plugin MobileLauncherProfileWizard
LogPluginManager: Mounting plugin PluginBrowser
LogPluginManager: Mounting plugin SpeedTreeImporter
LogPluginManager: Mounting plugin DatasmithContent
LogPluginManager: Mounting plugin VariantManagerContent
LogPluginManager: Mounting plugin AlembicImporter
LogPluginManager: Mounting plugin AutomationUtils
LogPluginManager: Mounting plugin BackChannel
LogPluginManager: Mounting plugin CharacterAI
LogPluginManager: Mounting plugin GeometryCache
LogPluginManager: Mounting plugin PlatformCrypto
LogPluginManager: Mounting plugin ProxyLODPlugin
LogPluginManager: Mounting plugin SkeletalReduction
LogPluginManager: Mounting plugin MagicLeap
LogPluginManager: Mounting plugin MagicLeapMedia
LogPluginManager: Mounting plugin MLSDK
LogPluginManager: Mounting plugin AndroidMedia
LogPluginManager: Mounting plugin AvfMedia
LogPluginManager: Mounting plugin ImgMedia
LogPluginManager: Mounting plugin MediaCompositing
LogPluginManager: Mounting plugin MediaPlayerEditor
LogPluginManager: Mounting plugin WebMMedia
LogPluginManager: Mounting plugin WmfMedia
LogPluginManager: Mounting plugin TcpMessaging
LogPluginManager: Mounting plugin UdpMessaging
LogPluginManager: Mounting plugin ActorSequence
LogPluginManager: Mounting plugin LevelSequenceEditor
LogPluginManager: Mounting plugin MatineeToLevelSequence
LogPluginManager: Mounting plugin NetcodeUnitTest
LogPluginManager: Mounting plugin NUTUnrealEngine4
LogPluginManager: Mounting plugin OnlineSubsystemGooglePlay
LogPluginManager: Mounting plugin OnlineSubsystemIOS
LogPluginManager: Mounting plugin OnlineSubsystem
LogPluginManager: Mounting plugin OnlineSubsystemNull
LogPluginManager: Mounting plugin OnlineSubsystemUtils
LogPluginManager: Mounting plugin LauncherChunkInstaller
LogPluginManager: Mounting plugin AndroidDeviceProfileSelector
LogPluginManager: Mounting plugin AndroidMoviePlayer
LogPluginManager: Mounting plugin AndroidPermission
LogPluginManager: Mounting plugin AppleImageUtils
LogPluginManager: Mounting plugin AppleMoviePlayer
LogPluginManager: Mounting plugin ArchVisCharacter
LogPluginManager: Mounting plugin AssetTags
LogPluginManager: Mounting plugin AudioCapture
LogPluginManager: Mounting plugin CableComponent
LogPluginManager: Mounting plugin CustomMeshComponent
LogPluginManager: Mounting plugin EditableMesh
LogPluginManager: Mounting plugin ExampleDeviceProfileSelector
LogPluginManager: Mounting plugin GoogleCloudMessaging
LogPluginManager: Mounting plugin IOSDeviceProfileSelector
LogPluginManager: Mounting plugin LinuxDeviceProfileSelector
LogPluginManager: Mounting plugin LocationServicesBPLibrary
LogPluginManager: Mounting plugin MobilePatchingUtils
LogPluginManager: Mounting plugin OculusVR
LogPluginManager: Mounting plugin PhysXVehicles
LogPluginManager: Mounting plugin PostSplashScreen
LogPluginManager: Mounting plugin ProceduralMeshComponent
LogPluginManager: Mounting plugin RuntimePhysXCooking
LogPluginManager: Mounting plugin SignificanceManager
LogPluginManager: Mounting plugin SteamVR
LogPluginManager: Mounting plugin WebMMoviePlayer
LogPluginManager: Mounting plugin WindowsMoviePlayer
LogPluginManager: Mounting plugin ScreenshotTools
LogInit: Using libcurl 7.55.1-DEV
LogInit:  - built for x86_64-pc-win32
LogInit:  - supports SSL with OpenSSL/1.1.1
LogInit:  - supports HTTP deflate (compression) using libz 1.2.8
LogInit:  - other features:
LogInit:      CURL_VERSION_SSL
LogInit:      CURL_VERSION_LIBZ
LogInit:      CURL_VERSION_IPV6
LogInit:      CURL_VERSION_ASYNCHDNS
LogInit:      CURL_VERSION_LARGEFILE
LogInit:      CURL_VERSION_IDN
LogInit:  CurlRequestOptions (configurable via config and command line):
LogInit:  - bVerifyPeer = true  - Libcurl will verify peer certificate
LogInit:  - bUseHttpProxy = false  - Libcurl will NOT use HTTP proxy
LogInit:  - bDontReuseConnections = false  - Libcurl will reuse connections
LogInit:  - MaxHostConnections = 16  - Libcurl will limit the number of connections to a host
LogInit:  - LocalHostAddr = Default
LogInit:  - BufferSize = 65536
LogOnline: OSS: Creating online subsystem instance for: NULL
LogInit: WinSock: version 1.1 (2.2), MaxSocks=32767, MaxUdp=65467
LogOnline: OSS: TryLoadSubsystemAndSetDefault: Loaded subsystem for module [NULL]
LogInit: Build: ++UE4+Release-4.24-CL-11590370
LogInit: Engine Version: 4.24.3-11590370+++UE4+Release-4.24
LogInit: Compatible Engine Version: 4.24.0-10570792+++UE4+Release-4.24
LogInit: Net CL: 10570792
LogInit: OS: Windows 10 (Release 1909) (), CPU: Intel(R) Core(TM) i7-6700K CPU @ 4.00GHz, GPU: NVIDIA GeForce RTX 2070 SUPER
LogInit: Compiled (64-bit): Feb 24 2020 15:39:18
LogInit: Compiled with Visual C++: 19.16.27032.01
LogInit: Build Configuration: Development
LogInit: Branch Name: ++UE4+Release-4.24
LogInit: Command Line: 
LogInit: Base Directory: D:/Program Files (x86)/Epic/UE_4.24/Engine/Binaries/Win64/
LogInit: Installed Engine Build: 1
LogDevObjectVersion: Number of dev versions registered: 25
LogDevObjectVersion:   Dev-Blueprints (B0D832E4-1F89-4F0D-ACCF-7EB736FD4AA2): 10
LogDevObjectVersion:   Dev-Build (E1C64328-A22C-4D53-A36C-8E866417BD8C): 0
LogDevObjectVersion:   Dev-Core (375EC13C-06E4-48FB-B500-84F0262A717E): 3
LogDevObjectVersion:   Dev-Editor (E4B068ED-F494-42E9-A231-DA0B2E46BB41): 37
LogDevObjectVersion:   Dev-Framework (CFFC743F-43B0-4480-9391-14DF171D2073): 36
LogDevObjectVersion:   Dev-Mobile (B02B49B5-BB20-44E9-A304-32B752E40360): 2
LogDevObjectVersion:   Dev-Networking (A4E4105C-59A1-49B5-A7C5-40C4547EDFEE): 0
LogDevObjectVersion:   Dev-Online (39C831C9-5AE6-47DC-9A44-9C173E1C8E7C): 0
LogDevObjectVersion:   Dev-Physics (78F01B33-EBEA-4F98-B9B4-84EACCB95AA2): 2
LogDevObjectVersion:   Dev-Platform (6631380F-2D4D-43E0-8009-CF276956A95A): 0
LogDevObjectVersion:   Dev-Rendering (12F88B9F-8875-4AFC-A67C-D90C383ABD29): 36
LogDevObjectVersion:   Dev-Sequencer (7B5AE74C-D270-4C10-A958-57980B212A5A): 11
LogDevObjectVersion:   Dev-VR (D7296918-1DD6-4BDD-9DE2-64A83CC13884): 2
LogDevObjectVersion:   Dev-LoadTimes (C2A15278-BFE7-4AFE-6C17-90FF531DF755): 1
LogDevObjectVersion:   Private-Geometry (6EACA3D4-40EC-4CC1-B786-8BED09428FC5): 3
LogDevObjectVersion:   Dev-AnimPhys (29E575DD-E0A3-4627-9D10-D276232CDCEA): 17
LogDevObjectVersion:   Dev-Anim (AF43A65D-7FD3-4947-9873-3E8ED9C1BB05): 2
LogDevObjectVersion:   Dev-ReflectionCapture (6B266CEC-1EC7-4B8F-A30B-E4D90942FC07): 1
LogDevObjectVersion:   Dev-Automation (0DF73D61-A23F-47EA-B727-89E90C41499A): 1
LogDevObjectVersion:   FortniteMain (601D1886-AC64-4F84-AA16-D3DE0DEAC7D6): 31
LogDevObjectVersion:   Dev-Enterprise (9DFFBCD6-494F-0158-E221-12823C92A888): 8
LogDevObjectVersion:   Dev-Niagara (F2AED0AC-9AFE-416F-8664-AA7FFA26D6FC): 1
LogDevObjectVersion:   Dev-Destruction (174F1F0B-B4C6-45A5-B13F-2EE8D0FB917D): 9
LogDevObjectVersion:   Dev-Physics-Ext (35F94A83-E258-406C-A318-09F59610247C): 8
LogDevObjectVersion:   Dev-CineCamera (B2E18506-4273-CFC2-A54E-F4BB758BBA07): 1
LogInit: Presizing for max 25165824 objects, including 0 objects not considered by GC, pre-allocating 0 bytes for permanent pool.
LogInit: Object subsystem initialized
LogConfig: Setting CVar [[con.DebugEarlyDefault:1]]
LogConfig: Setting CVar [[r.setres:1280x720]]
[2020.05.03-14.48.27:806][  0]LogConfig: Setting CVar [[r.VSync:0]]
[2020.05.03-14.48.27:806][  0]LogConfig: Setting CVar [[r.RHICmdBypass:0]]
[2020.05.03-14.48.27:818][  0]LogConfig: Applying CVar settings from Section [/Script/Engine.RendererSettings] File [E:/COVID/CharacterandAI/Saved/Config/Windows/Engine.ini]
[2020.05.03-14.48.27:818][  0]LogConfig: Setting CVar [[r.GPUCrashDebugging:0]]
[2020.05.03-14.48.27:818][  0]LogConfig: Applying CVar settings from Section [/Script/Engine.RendererOverrideSettings] File [E:/COVID/CharacterandAI/Saved/Config/Windows/Engine.ini]
[2020.05.03-14.48.27:818][  0]LogConfig: Applying CVar settings from Section [/Script/Engine.StreamingSettings] File [E:/COVID/CharacterandAI/Saved/Config/Windows/Engine.ini]
[2020.05.03-14.48.27:818][  0]LogConfig: Setting CVar [[s.MinBulkDataSizeForAsyncLoading:131072]]
[2020.05.03-14.48.27:818][  0]LogConfig: Setting CVar [[s.AsyncLoadingThreadEnabled:0]]
[2020.05.03-14.48.27:818][  0]LogConfig: Setting CVar [[s.EventDrivenLoaderEnabled:1]]
[2020.05.03-14.48.27:818][  0]LogConfig: Setting CVar [[s.WarnIfTimeLimitExceeded:0]]
[2020.05.03-14.48.27:818][  0]LogConfig: Setting CVar [[s.TimeLimitExceededMultiplier:1.5]]
[2020.05.03-14.48.27:818][  0]LogConfig: Setting CVar [[s.TimeLimitExceededMinTime:0.005]]
[2020.05.03-14.48.27:819][  0]LogConfig: Setting CVar [[s.UseBackgroundLevelStreaming:1]]
[2020.05.03-14.48.27:819][  0]LogConfig: Setting CVar [[s.PriorityAsyncLoadingExtraTime:15.0]]
[2020.05.03-14.48.27:819][  0]LogConfig: Setting CVar [[s.LevelStreamingActorsUpdateTimeLimit:5.0]]
[2020.05.03-14.48.27:819][  0]LogConfig: Setting CVar [[s.PriorityLevelStreamingActorsUpdateExtraTime:5.0]]
[2020.05.03-14.48.27:819][  0]LogConfig: Setting CVar [[s.LevelStreamingComponentsRegistrationGranularity:10]]
[2020.05.03-14.48.27:819][  0]LogConfig: Setting CVar [[s.UnregisterComponentsTimeLimit:1.0]]
[2020.05.03-14.48.27:819][  0]LogConfig: Setting CVar [[s.LevelStreamingComponentsUnregistrationGranularity:5]]
[2020.05.03-14.48.27:819][  0]LogConfig: Setting CVar [[s.FlushStreamingOnExit:1]]
[2020.05.03-14.48.27:819][  0]LogConfig: Applying CVar settings from Section [/Script/Engine.GarbageCollectionSettings] File [E:/COVID/CharacterandAI/Saved/Config/Windows/Engine.ini]
[2020.05.03-14.48.27:819][  0]LogConfig: Setting CVar [[gc.MaxObjectsNotConsideredByGC:1]]
[2020.05.03-14.48.27:819][  0]LogConfig: Setting CVar [[gc.SizeOfPermanentObjectPool:0]]
[2020.05.03-14.48.27:819][  0]LogConfig: Setting CVar [[gc.FlushStreamingOnGC:0]]
[2020.05.03-14.48.27:819][  0]LogConfig: Setting CVar [[gc.NumRetriesBeforeForcingGC:10]]
[2020.05.03-14.48.27:819][  0]LogConfig: Setting CVar [[gc.AllowParallelGC:1]]
[2020.05.03-14.48.27:819][  0]LogConfig: Setting CVar [[gc.TimeBetweenPurgingPendingKillObjects:61.1]]
[2020.05.03-14.48.27:819][  0]LogConfig: Setting CVar [[gc.MaxObjectsInEditor:25165824]]
[2020.05.03-14.48.27:819][  0]LogConfig: Setting CVar [[gc.IncrementalBeginDestroyEnabled:1]]
[2020.05.03-14.48.27:819][  0]LogConfig: Setting CVar [[gc.CreateGCClusters:1]]
[2020.05.03-14.48.27:819][  0]LogConfig: Setting CVar [[gc.MinGCClusterSize:5]]
[2020.05.03-14.48.27:819][  0]LogConfig: Setting CVar [[gc.ActorClusteringEnabled:0]]
[2020.05.03-14.48.27:819][  0]LogConfig: Setting CVar [[gc.BlueprintClusteringEnabled:0]]
[2020.05.03-14.48.27:819][  0]LogConfig: Setting CVar [[gc.UseDisregardForGCOnDedicatedServers:0]]
[2020.05.03-14.48.27:819][  0]LogConfig: Applying CVar settings from Section [/Script/Engine.NetworkSettings] File [E:/COVID/CharacterandAI/Saved/Config/Windows/Engine.ini]
[2020.05.03-14.48.27:819][  0]LogConfig: Applying CVar settings from Section [/Script/UnrealEd.CookerSettings] File [E:/COVID/CharacterandAI/Saved/Config/Windows/Engine.ini]
[2020.05.03-14.48.27:858][  0]LogConfig: Applying CVar settings from Section [ViewDistanceQuality@3] File [E:/COVID/CharacterandAI/Saved/Config/Windows/Scalability.ini]
[2020.05.03-14.48.27:858][  0]LogConfig: Setting CVar [[r.SkeletalMeshLODBias:0]]
[2020.05.03-14.48.27:858][  0]LogConfig: Setting CVar [[r.ViewDistanceScale:1.0]]
[2020.05.03-14.48.27:858][  0]LogConfig: Applying CVar settings from Section [AntiAliasingQuality@3] File [E:/COVID/CharacterandAI/Saved/Config/Windows/Scalability.ini]
[2020.05.03-14.48.27:858][  0]LogConfig: Setting CVar [[r.PostProcessAAQuality:4]]
[2020.05.03-14.48.27:858][  0]LogConfig: Applying CVar settings from Section [ShadowQuality@3] File [E:/COVID/CharacterandAI/Saved/Config/Windows/Scalability.ini]
[2020.05.03-14.48.27:858][  0]LogConfig: Setting CVar [[r.LightFunctionQuality:1]]
[2020.05.03-14.48.27:858][  0]LogConfig: Setting CVar [[r.ShadowQuality:5]]
[2020.05.03-14.48.27:858][  0]LogConfig: Setting CVar [[r.Shadow.CSM.MaxCascades:10]]
[2020.05.03-14.48.27:858][  0]LogConfig: Setting CVar [[r.Shadow.MaxResolution:2048]]
[2020.05.03-14.48.27:858][  0]LogConfig: Setting CVar [[r.Shadow.MaxCSMResolution:2048]]
[2020.05.03-14.48.27:858][  0]LogConfig: Setting CVar [[r.Shadow.RadiusThreshold:0.01]]
[2020.05.03-14.48.27:858][  0]LogConfig: Setting CVar [[r.Shadow.DistanceScale:1.0]]
[2020.05.03-14.48.27:858][  0]LogConfig: Setting CVar [[r.Shadow.CSM.TransitionScale:1.0]]
[2020.05.03-14.48.27:858][  0]LogConfig: Setting CVar [[r.Shadow.PreShadowResolutionFactor:1.0]]
[2020.05.03-14.48.27:858][  0]LogConfig: Setting CVar [[r.DistanceFieldShadowing:1]]
[2020.05.03-14.48.27:858][  0]LogConfig: Setting CVar [[r.DistanceFieldAO:1]]
[2020.05.03-14.48.27:858][  0]LogConfig: Setting CVar [[r.AOQuality:2]]
[2020.05.03-14.48.27:858][  0]LogConfig: Setting CVar [[r.VolumetricFog:1]]
[2020.05.03-14.48.27:858][  0]LogConfig: Setting CVar [[r.VolumetricFog.GridPixelSize:8]]
[2020.05.03-14.48.27:858][  0]LogConfig: Setting CVar [[r.VolumetricFog.GridSizeZ:128]]
[2020.05.03-14.48.27:858][  0]LogConfig: Setting CVar [[r.VolumetricFog.HistoryMissSupersampleCount:4]]
[2020.05.03-14.48.27:858][  0]LogConfig: Setting CVar [[r.LightMaxDrawDistanceScale:1]]
[2020.05.03-14.48.27:858][  0]LogConfig: Setting CVar [[r.CapsuleShadows:1]]
[2020.05.03-14.48.27:858][  0]LogConfig: Applying CVar settings from Section [PostProcessQuality@3] File [E:/COVID/CharacterandAI/Saved/Config/Windows/Scalability.ini]
[2020.05.03-14.48.27:858][  0]LogConfig: Setting CVar [[r.MotionBlurQuality:4]]
[2020.05.03-14.48.27:858][  0]LogConfig: Setting CVar [[r.AmbientOcclusionMipLevelFactor:0.4]]
[2020.05.03-14.48.27:858][  0]LogConfig: Setting CVar [[r.AmbientOcclusionMaxQuality:100]]
[2020.05.03-14.48.27:858][  0]LogConfig: Setting CVar [[r.AmbientOcclusionLevels:-1]]
[2020.05.03-14.48.27:858][  0]LogConfig: Setting CVar [[r.AmbientOcclusionRadiusScale:1.0]]
[2020.05.03-14.48.27:858][  0]LogConfig: Setting CVar [[r.DepthOfFieldQuality:2]]
[2020.05.03-14.48.27:858][  0]LogConfig: Setting CVar [[r.RenderTargetPoolMin:400]]
[2020.05.03-14.48.27:858][  0]LogConfig: Setting CVar [[r.LensFlareQuality:2]]
[2020.05.03-14.48.27:858][  0]LogConfig: Setting CVar [[r.SceneColorFringeQuality:1]]
[2020.05.03-14.48.27:858][  0]LogConfig: Setting CVar [[r.EyeAdaptationQuality:2]]
[2020.05.03-14.48.27:858][  0]LogConfig: Setting CVar [[r.BloomQuality:5]]
[2020.05.03-14.48.27:858][  0]LogConfig: Setting CVar [[r.FastBlurThreshold:100]]
[2020.05.03-14.48.27:858][  0]LogConfig: Setting CVar [[r.Upscale.Quality:3]]
[2020.05.03-14.48.27:858][  0]LogConfig: Setting CVar [[r.Tonemapper.GrainQuantization:1]]
[2020.05.03-14.48.27:858][  0]LogConfig: Setting CVar [[r.LightShaftQuality:1]]
[2020.05.03-14.48.27:858][  0]LogConfig: Setting CVar [[r.Filter.SizeScale:1]]
[2020.05.03-14.48.27:858][  0]LogConfig: Setting CVar [[r.Tonemapper.Quality:5]]
[2020.05.03-14.48.27:858][  0]LogConfig: Setting CVar [[r.DOF.Gather.AccumulatorQuality:1        ; higher gathering accumulator quality]]
[2020.05.03-14.48.27:858][  0]LogConfig: Setting CVar [[r.DOF.Gather.PostfilterMethod:1          ; Median3x3 postfilering method]]
[2020.05.03-14.48.27:858][  0]LogConfig: Setting CVar [[r.DOF.Gather.EnableBokehSettings:0       ; no bokeh simulation when gathering]]
[2020.05.03-14.48.27:858][  0]LogConfig: Setting CVar [[r.DOF.Gather.RingCount:4                 ; medium number of samples when gathering]]
[2020.05.03-14.48.27:858][  0]LogConfig: Setting CVar [[r.DOF.Scatter.ForegroundCompositing:1    ; additive foreground scattering]]
[2020.05.03-14.48.27:858][  0]LogConfig: Setting CVar [[r.DOF.Scatter.BackgroundCompositing:2    ; additive background scattering]]
[2020.05.03-14.48.27:859][  0]LogConfig: Setting CVar [[r.DOF.Scatter.EnableBokehSettings:1      ; bokeh simulation when scattering]]
[2020.05.03-14.48.27:859][  0]LogConfig: Setting CVar [[r.DOF.Scatter.MaxSpriteRatio:0.1         ; only a maximum of 10% of scattered bokeh]]
[2020.05.03-14.48.27:859][  0]LogConfig: Setting CVar [[r.DOF.Recombine.Quality:1                ; cheap slight out of focus]]
[2020.05.03-14.48.27:859][  0]LogConfig: Setting CVar [[r.DOF.Recombine.EnableBokehSettings:0    ; no bokeh simulation on slight out of focus]]
[2020.05.03-14.48.27:859][  0]LogConfig: Setting CVar [[r.DOF.TemporalAAQuality:1                ; more stable temporal accumulation]]
[2020.05.03-14.48.27:859][  0]LogConfig: Setting CVar [[r.DOF.Kernel.MaxForegroundRadius:0.025]]
[2020.05.03-14.48.27:859][  0]LogConfig: Setting CVar [[r.DOF.Kernel.MaxBackgroundRadius:0.025]]
[2020.05.03-14.48.27:859][  0]LogConfig: Applying CVar settings from Section [TextureQuality@3] File [E:/COVID/CharacterandAI/Saved/Config/Windows/Scalability.ini]
[2020.05.03-14.48.27:859][  0]LogConfig: Setting CVar [[r.Streaming.MipBias:0]]
[2020.05.03-14.48.27:859][  0]LogConfig: Setting CVar [[r.Streaming.AmortizeCPUToGPUCopy:0]]
[2020.05.03-14.48.27:859][  0]LogConfig: Setting CVar [[r.Streaming.MaxNumTexturesToStreamPerFrame:0]]
[2020.05.03-14.48.27:859][  0]LogConfig: Setting CVar [[r.Streaming.Boost:1]]
[2020.05.03-14.48.27:859][  0]LogConfig: Setting CVar [[r.MaxAnisotropy:8]]
[2020.05.03-14.48.27:859][  0]LogConfig: Setting CVar [[r.VT.MaxAnisotropy:8]]
[2020.05.03-14.48.27:859][  0]LogConfig: Setting CVar [[r.Streaming.LimitPoolSizeToVRAM:0]]
[2020.05.03-14.48.27:859][  0]LogConfig: Setting CVar [[r.Streaming.PoolSize:1000]]
[2020.05.03-14.48.27:859][  0]LogConfig: Setting CVar [[r.Streaming.MaxEffectiveScreenSize:0]]
[2020.05.03-14.48.27:859][  0]LogConfig: Applying CVar settings from Section [EffectsQuality@3] File [E:/COVID/CharacterandAI/Saved/Config/Windows/Scalability.ini]
[2020.05.03-14.48.27:859][  0]LogConfig: Setting CVar [[r.TranslucencyLightingVolumeDim:64]]
[2020.05.03-14.48.27:859][  0]LogConfig: Setting CVar [[r.RefractionQuality:2]]
[2020.05.03-14.48.27:859][  0]LogConfig: Setting CVar [[r.SSR.Quality:3]]
[2020.05.03-14.48.27:859][  0]LogConfig: Setting CVar [[r.SSR.HalfResSceneColor:0]]
[2020.05.03-14.48.27:859][  0]LogConfig: Setting CVar [[r.SceneColorFormat:4]]
[2020.05.03-14.48.27:859][  0]LogConfig: Setting CVar [[r.DetailMode:2]]
[2020.05.03-14.48.27:859][  0]LogConfig: Setting CVar [[r.TranslucencyVolumeBlur:1]]
[2020.05.03-14.48.27:859][  0]LogConfig: Setting CVar [[r.MaterialQualityLevel:1 ; High quality]]
[2020.05.03-14.48.27:859][  0]LogConfig: Setting CVar [[r.SSS.Scale:1]]
[2020.05.03-14.48.27:859][  0]LogConfig: Setting CVar [[r.SSS.SampleSet:2]]
[2020.05.03-14.48.27:859][  0]LogConfig: Setting CVar [[r.SSS.Quality:1]]
[2020.05.03-14.48.27:859][  0]LogConfig: Setting CVar [[r.SSS.HalfRes:1]]
[2020.05.03-14.48.27:859][  0]LogConfig: Setting CVar [[r.SSGI.Quality:3]]
[2020.05.03-14.48.27:859][  0]LogConfig: Setting CVar [[r.EmitterSpawnRateScale:1.0]]
[2020.05.03-14.48.27:859][  0]LogConfig: Setting CVar [[r.ParticleLightQuality:2]]
[2020.05.03-14.48.27:859][  0]LogConfig: Setting CVar [[r.SkyAtmosphere.AerialPerspectiveLUT.FastApplyOnOpaque:1 ; Always have FastSkyLUT 1 in this case to avoid wrong sky]]
[2020.05.03-14.48.27:859][  0]LogConfig: Setting CVar [[r.SkyAtmosphere.AerialPerspectiveLUT.SampleCountPerSlice:1]]
[2020.05.03-14.48.27:859][  0]LogConfig: Setting CVar [[r.SkyAtmosphere.AerialPerspectiveLUT.DepthResolution:16.0]]
[2020.05.03-14.48.27:859][  0]LogConfig: Setting CVar [[r.SkyAtmosphere.FastSkyLUT:1]]
[2020.05.03-14.48.27:859][  0]LogConfig: Setting CVar [[r.SkyAtmosphere.FastSkyLUT.SampleCountMin:4.0]]
[2020.05.03-14.48.27:859][  0]LogConfig: Setting CVar [[r.SkyAtmosphere.FastSkyLUT.SampleCountMax:32.0]]
[2020.05.03-14.48.27:859][  0]LogConfig: Setting CVar [[r.SkyAtmosphere.SampleCountMin:4.0]]
[2020.05.03-14.48.27:859][  0]LogConfig: Setting CVar [[r.SkyAtmosphere.SampleCountMax:32.0]]
[2020.05.03-14.48.27:859][  0]LogConfig: Setting CVar [[r.SkyAtmosphere.TransmittanceLUT.UseSmallFormat:0]]
[2020.05.03-14.48.27:859][  0]LogConfig: Setting CVar [[r.SkyAtmosphere.TransmittanceLUT.SampleCount:10.0]]
[2020.05.03-14.48.27:859][  0]LogConfig: Setting CVar [[r.SkyAtmosphere.MultiScatteringLUT.SampleCount:15.0]]
[2020.05.03-14.48.27:859][  0]LogConfig: Applying CVar settings from Section [FoliageQuality@3] File [E:/COVID/CharacterandAI/Saved/Config/Windows/Scalability.ini]
[2020.05.03-14.48.27:859][  0]LogConfig: Setting CVar [[foliage.DensityScale:1.0]]
[2020.05.03-14.48.27:859][  0]LogConfig: Setting CVar [[grass.DensityScale:1.0]]
[2020.05.03-14.48.27:859][  0]LogConfig: Applying CVar settings from Section [ShadingQuality@3] File [E:/COVID/CharacterandAI/Saved/Config/Windows/Scalability.ini]
[2020.05.03-14.48.27:859][  0]LogConfig: Setting CVar [[r.HairStrands.SkyLighting.SampleCount:16]]
[2020.05.03-14.48.27:859][  0]LogConfig: Setting CVar [[r.HairStrands.SkyLighting.JitterIntegration:0]]
[2020.05.03-14.48.27:859][  0]LogConfig: Setting CVar [[r.HairStrands.SkyAO.SampleCount:16]]
[2020.05.03-14.48.27:872][  0]LogInit: Selected Device Profile: [Windows]
[2020.05.03-14.48.27:872][  0]LogInit: Applying CVar settings loaded from the selected device profile: [Windows]
[2020.05.03-14.48.27:915][  0]LogHAL: Display: Platform has ~ 16 GB [17135951872 / 17179869184 / 16], which maps to Larger [LargestMinGB=32, LargerMinGB=12, DefaultMinGB=8, SmallerMinGB=6, SmallestMinGB=0)
[2020.05.03-14.48.27:915][  0]LogInit: Going up to parent DeviceProfile []
[2020.05.03-14.48.27:915][  0]LogConfig: Applying CVar settings from Section [ViewDistanceQuality@3] File [E:/COVID/CharacterandAI/Saved/Config/Windows/Scalability.ini]
[2020.05.03-14.48.27:915][  0]LogConfig: Setting CVar [[r.SkeletalMeshLODBias:0]]
[2020.05.03-14.48.27:915][  0]LogConfig: Setting CVar [[r.ViewDistanceScale:1.0]]
[2020.05.03-14.48.27:915][  0]LogConfig: Applying CVar settings from Section [AntiAliasingQuality@3] File [E:/COVID/CharacterandAI/Saved/Config/Windows/Scalability.ini]
[2020.05.03-14.48.27:915][  0]LogConfig: Setting CVar [[r.PostProcessAAQuality:4]]
[2020.05.03-14.48.27:915][  0]LogConfig: Applying CVar settings from Section [ShadowQuality@3] File [E:/COVID/CharacterandAI/Saved/Config/Windows/Scalability.ini]
[2020.05.03-14.48.27:915][  0]LogConfig: Setting CVar [[r.LightFunctionQuality:1]]
[2020.05.03-14.48.27:915][  0]LogConfig: Setting CVar [[r.ShadowQuality:5]]
[2020.05.03-14.48.27:915][  0]LogConfig: Setting CVar [[r.Shadow.CSM.MaxCascades:10]]
[2020.05.03-14.48.27:915][  0]LogConfig: Setting CVar [[r.Shadow.MaxResolution:2048]]
[2020.05.03-14.48.27:915][  0]LogConfig: Setting CVar [[r.Shadow.MaxCSMResolution:2048]]
[2020.05.03-14.48.27:915][  0]LogConfig: Setting CVar [[r.Shadow.RadiusThreshold:0.01]]
[2020.05.03-14.48.27:915][  0]LogConfig: Setting CVar [[r.Shadow.DistanceScale:1.0]]
[2020.05.03-14.48.27:915][  0]LogConfig: Setting CVar [[r.Shadow.CSM.TransitionScale:1.0]]
[2020.05.03-14.48.27:915][  0]LogConfig: Setting CVar [[r.Shadow.PreShadowResolutionFactor:1.0]]
[2020.05.03-14.48.27:915][  0]LogConfig: Setting CVar [[r.DistanceFieldShadowing:1]]
[2020.05.03-14.48.27:915][  0]LogConfig: Setting CVar [[r.DistanceFieldAO:1]]
[2020.05.03-14.48.27:915][  0]LogConfig: Setting CVar [[r.AOQuality:2]]
[2020.05.03-14.48.27:915][  0]LogConfig: Setting CVar [[r.VolumetricFog:1]]
[2020.05.03-14.48.27:915][  0]LogConfig: Setting CVar [[r.VolumetricFog.GridPixelSize:8]]
[2020.05.03-14.48.27:915][  0]LogConfig: Setting CVar [[r.VolumetricFog.GridSizeZ:128]]
[2020.05.03-14.48.27:915][  0]LogConfig: Setting CVar [[r.VolumetricFog.HistoryMissSupersampleCount:4]]
[2020.05.03-14.48.27:915][  0]LogConfig: Setting CVar [[r.LightMaxDrawDistanceScale:1]]
[2020.05.03-14.48.27:915][  0]LogConfig: Setting CVar [[r.CapsuleShadows:1]]
[2020.05.03-14.48.27:915][  0]LogConfig: Applying CVar settings from Section [PostProcessQuality@3] File [E:/COVID/CharacterandAI/Saved/Config/Windows/Scalability.ini]
[2020.05.03-14.48.27:915][  0]LogConfig: Setting CVar [[r.MotionBlurQuality:4]]
[2020.05.03-14.48.27:915][  0]LogConfig: Setting CVar [[r.AmbientOcclusionMipLevelFactor:0.4]]
[2020.05.03-14.48.27:915][  0]LogConfig: Setting CVar [[r.AmbientOcclusionMaxQuality:100]]
[2020.05.03-14.48.27:915][  0]LogConfig: Setting CVar [[r.AmbientOcclusionLevels:-1]]
[2020.05.03-14.48.27:915][  0]LogConfig: Setting CVar [[r.AmbientOcclusionRadiusScale:1.0]]
[2020.05.03-14.48.27:915][  0]LogConfig: Setting CVar [[r.DepthOfFieldQuality:2]]
[2020.05.03-14.48.27:915][  0]LogConfig: Setting CVar [[r.RenderTargetPoolMin:400]]
[2020.05.03-14.48.27:915][  0]LogConfig: Setting CVar [[r.LensFlareQuality:2]]
[2020.05.03-14.48.27:915][  0]LogConfig: Setting CVar [[r.SceneColorFringeQuality:1]]
[2020.05.03-14.48.27:915][  0]LogConfig: Setting CVar [[r.EyeAdaptationQuality:2]]
[2020.05.03-14.48.27:915][  0]LogConfig: Setting CVar [[r.BloomQuality:5]]
[2020.05.03-14.48.27:915][  0]LogConfig: Setting CVar [[r.FastBlurThreshold:100]]
[2020.05.03-14.48.27:915][  0]LogConfig: Setting CVar [[r.Upscale.Quality:3]]
[2020.05.03-14.48.27:915][  0]LogConfig: Setting CVar [[r.Tonemapper.GrainQuantization:1]]
[2020.05.03-14.48.27:915][  0]LogConfig: Setting CVar [[r.LightShaftQuality:1]]
[2020.05.03-14.48.27:916][  0]LogConfig: Setting CVar [[r.Filter.SizeScale:1]]
[2020.05.03-14.48.27:916][  0]LogConfig: Setting CVar [[r.Tonemapper.Quality:5]]
[2020.05.03-14.48.27:916][  0]LogConfig: Setting CVar [[r.DOF.Gather.AccumulatorQuality:1        ; higher gathering accumulator quality]]
[2020.05.03-14.48.27:916][  0]LogConfig: Setting CVar [[r.DOF.Gather.PostfilterMethod:1          ; Median3x3 postfilering method]]
[2020.05.03-14.48.27:916][  0]LogConfig: Setting CVar [[r.DOF.Gather.EnableBokehSettings:0       ; no bokeh simulation when gathering]]
[2020.05.03-14.48.27:916][  0]LogConfig: Setting CVar [[r.DOF.Gather.RingCount:4                 ; medium number of samples when gathering]]
[2020.05.03-14.48.27:916][  0]LogConfig: Setting CVar [[r.DOF.Scatter.ForegroundCompositing:1    ; additive foreground scattering]]
[2020.05.03-14.48.27:916][  0]LogConfig: Setting CVar [[r.DOF.Scatter.BackgroundCompositing:2    ; additive background scattering]]
[2020.05.03-14.48.27:916][  0]LogConfig: Setting CVar [[r.DOF.Scatter.EnableBokehSettings:1      ; bokeh simulation when scattering]]
[2020.05.03-14.48.27:916][  0]LogConfig: Setting CVar [[r.DOF.Scatter.MaxSpriteRatio:0.1         ; only a maximum of 10% of scattered bokeh]]
[2020.05.03-14.48.27:916][  0]LogConfig: Setting CVar [[r.DOF.Recombine.Quality:1                ; cheap slight out of focus]]
[2020.05.03-14.48.27:916][  0]LogConfig: Setting CVar [[r.DOF.Recombine.EnableBokehSettings:0    ; no bokeh simulation on slight out of focus]]
[2020.05.03-14.48.27:916][  0]LogConfig: Setting CVar [[r.DOF.TemporalAAQuality:1                ; more stable temporal accumulation]]
[2020.05.03-14.48.27:916][  0]LogConfig: Setting CVar [[r.DOF.Kernel.MaxForegroundRadius:0.025]]
[2020.05.03-14.48.27:916][  0]LogConfig: Setting CVar [[r.DOF.Kernel.MaxBackgroundRadius:0.025]]
[2020.05.03-14.48.27:916][  0]LogConfig: Applying CVar settings from Section [TextureQuality@3] File [E:/COVID/CharacterandAI/Saved/Config/Windows/Scalability.ini]
[2020.05.03-14.48.27:916][  0]LogConfig: Setting CVar [[r.Streaming.MipBias:0]]
[2020.05.03-14.48.27:916][  0]LogConfig: Setting CVar [[r.Streaming.AmortizeCPUToGPUCopy:0]]
[2020.05.03-14.48.27:916][  0]LogConfig: Setting CVar [[r.Streaming.MaxNumTexturesToStreamPerFrame:0]]
[2020.05.03-14.48.27:916][  0]LogConfig: Setting CVar [[r.Streaming.Boost:1]]
[2020.05.03-14.48.27:916][  0]LogConfig: Setting CVar [[r.MaxAnisotropy:8]]
[2020.05.03-14.48.27:916][  0]LogConfig: Setting CVar [[r.VT.MaxAnisotropy:8]]
[2020.05.03-14.48.27:916][  0]LogConfig: Setting CVar [[r.Streaming.LimitPoolSizeToVRAM:0]]
[2020.05.03-14.48.27:916][  0]LogConfig: Setting CVar [[r.Streaming.PoolSize:1000]]
[2020.05.03-14.48.27:916][  0]LogConfig: Setting CVar [[r.Streaming.MaxEffectiveScreenSize:0]]
[2020.05.03-14.48.27:916][  0]LogConfig: Applying CVar settings from Section [EffectsQuality@3] File [E:/COVID/CharacterandAI/Saved/Config/Windows/Scalability.ini]
[2020.05.03-14.48.27:916][  0]LogConfig: Setting CVar [[r.TranslucencyLightingVolumeDim:64]]
[2020.05.03-14.48.27:916][  0]LogConfig: Setting CVar [[r.RefractionQuality:2]]
[2020.05.03-14.48.27:916][  0]LogConfig: Setting CVar [[r.SSR.Quality:3]]
[2020.05.03-14.48.27:916][  0]LogConfig: Setting CVar [[r.SSR.HalfResSceneColor:0]]
[2020.05.03-14.48.27:916][  0]LogConfig: Setting CVar [[r.SceneColorFormat:4]]
[2020.05.03-14.48.27:916][  0]LogConfig: Setting CVar [[r.DetailMode:2]]
[2020.05.03-14.48.27:916][  0]LogConfig: Setting CVar [[r.TranslucencyVolumeBlur:1]]
[2020.05.03-14.48.27:916][  0]LogConfig: Setting CVar [[r.MaterialQualityLevel:1 ; High quality]]
[2020.05.03-14.48.27:916][  0]LogConfig: Setting CVar [[r.SSS.Scale:1]]
[2020.05.03-14.48.27:916][  0]LogConfig: Setting CVar [[r.SSS.SampleSet:2]]
[2020.05.03-14.48.27:916][  0]LogConfig: Setting CVar [[r.SSS.Quality:1]]
[2020.05.03-14.48.27:916][  0]LogConfig: Setting CVar [[r.SSS.HalfRes:1]]
[2020.05.03-14.48.27:916][  0]LogConfig: Setting CVar [[r.SSGI.Quality:3]]
[2020.05.03-14.48.27:916][  0]LogConfig: Setting CVar [[r.EmitterSpawnRateScale:1.0]]
[2020.05.03-14.48.27:916][  0]LogConfig: Setting CVar [[r.ParticleLightQuality:2]]
[2020.05.03-14.48.27:916][  0]LogConfig: Setting CVar [[r.SkyAtmosphere.AerialPerspectiveLUT.FastApplyOnOpaque:1 ; Always have FastSkyLUT 1 in this case to avoid wrong sky]]
[2020.05.03-14.48.27:916][  0]LogConfig: Setting CVar [[r.SkyAtmosphere.AerialPerspectiveLUT.SampleCountPerSlice:1]]
[2020.05.03-14.48.27:916][  0]LogConfig: Setting CVar [[r.SkyAtmosphere.AerialPerspectiveLUT.DepthResolution:16.0]]
[2020.05.03-14.48.27:916][  0]LogConfig: Setting CVar [[r.SkyAtmosphere.FastSkyLUT:1]]
[2020.05.03-14.48.27:916][  0]LogConfig: Setting CVar [[r.SkyAtmosphere.FastSkyLUT.SampleCountMin:4.0]]
[2020.05.03-14.48.27:916][  0]LogConfig: Setting CVar [[r.SkyAtmosphere.FastSkyLUT.SampleCountMax:32.0]]
[2020.05.03-14.48.27:916][  0]LogConfig: Setting CVar [[r.SkyAtmosphere.SampleCountMin:4.0]]
[2020.05.03-14.48.27:916][  0]LogConfig: Setting CVar [[r.SkyAtmosphere.SampleCountMax:32.0]]
[2020.05.03-14.48.27:916][  0]LogConfig: Setting CVar [[r.SkyAtmosphere.TransmittanceLUT.UseSmallFormat:0]]
[2020.05.03-14.48.27:916][  0]LogConfig: Setting CVar [[r.SkyAtmosphere.TransmittanceLUT.SampleCount:10.0]]
[2020.05.03-14.48.27:916][  0]LogConfig: Setting CVar [[r.SkyAtmosphere.MultiScatteringLUT.SampleCount:15.0]]
[2020.05.03-14.48.27:916][  0]LogConfig: Applying CVar settings from Section [FoliageQuality@3] File [E:/COVID/CharacterandAI/Saved/Config/Windows/Scalability.ini]
[2020.05.03-14.48.27:916][  0]LogConfig: Setting CVar [[foliage.DensityScale:1.0]]
[2020.05.03-14.48.27:916][  0]LogConfig: Setting CVar [[grass.DensityScale:1.0]]
[2020.05.03-14.48.27:916][  0]LogConfig: Applying CVar settings from Section [ShadingQuality@3] File [E:/COVID/CharacterandAI/Saved/Config/Windows/Scalability.ini]
[2020.05.03-14.48.27:916][  0]LogConfig: Setting CVar [[r.HairStrands.SkyLighting.SampleCount:16]]
[2020.05.03-14.48.27:916][  0]LogConfig: Setting CVar [[r.HairStrands.SkyLighting.JitterIntegration:0]]
[2020.05.03-14.48.27:916][  0]LogConfig: Setting CVar [[r.HairStrands.SkyAO.SampleCount:16]]
[2020.05.03-14.48.27:916][  0]LogConfig: Applying CVar settings from Section [Startup] File [../../../Engine/Config/ConsoleVariables.ini]
[2020.05.03-14.48.27:932][  0]LogConfig: Setting CVar [[net.UseAdaptiveNetUpdateFrequency:0]]
[2020.05.03-14.48.27:932][  0]LogConfig: Setting CVar [[p.chaos.AllowCreatePhysxBodies:1]]
[2020.05.03-14.48.27:932][  0]LogConfig: Applying CVar settings from Section [ConsoleVariables] File [E:/COVID/CharacterandAI/Saved/Config/Windows/Engine.ini]
[2020.05.03-14.48.27:959][  0]LogInit: Computer: DESKTOP-DKGTQ1F
[2020.05.03-14.48.27:959][  0]LogInit: User: Smoky
[2020.05.03-14.48.27:959][  0]LogInit: CPU Page size=4096, Cores=4
[2020.05.03-14.48.27:959][  0]LogInit: High frequency timer resolution =10.000000 MHz
[2020.05.03-14.48.27:959][  0]LogMemory: Memory total: Physical=16.0GB (16GB approx)
[2020.05.03-14.48.27:959][  0]LogMemory: Platform Memory Stats for Windows
[2020.05.03-14.48.27:959][  0]LogMemory: Process Physical Memory: 101.76 MB used, 101.76 MB peak
[2020.05.03-14.48.27:959][  0]LogMemory: Process Virtual Memory: 100.35 MB used, 100.35 MB peak
[2020.05.03-14.48.27:959][  0]LogMemory: Physical Memory: 6348.64 MB used,  9993.48 MB free, 16342.12 MB total
[2020.05.03-14.48.27:959][  0]LogMemory: Virtual Memory: 5137.55 MB used,  134212592.00 MB free, 134217728.00 MB total
[2020.05.03-14.48.27:966][  0]LogWindows: WindowsPlatformFeatures enabled
[2020.05.03-14.48.28:770][  0]LogInit: Using OS detected language (en-US).
[2020.05.03-14.48.28:770][  0]LogInit: Using OS detected locale (en-US).
[2020.05.03-14.48.28:807][  0]LogTextLocalizationManager: No specific localization for 'en-US' exists, so the 'en' localization will be used.
[2020.05.03-14.48.29:340][  0]LogInit: Setting process to per monitor DPI aware
[2020.05.03-14.48.29:819][  0]LogSlate: New Slate User Created.  User Index 0, Is Virtual User: 0
[2020.05.03-14.48.29:819][  0]LogSlate: Slate User Registered.  User Index 0, Is Virtual User: 0
[2020.05.03-14.48.34:350][  0]LogHMD: Failed to initialize OpenVR with code 110
[2020.05.03-14.48.34:350][  0]LogD3D11RHI: D3D11 min allowed feature level: 11_0
[2020.05.03-14.48.34:350][  0]LogD3D11RHI: D3D11 max allowed feature level: 11_0
[2020.05.03-14.48.34:350][  0]LogD3D11RHI: D3D11 adapters:
[2020.05.03-14.48.34:458][  0]LogD3D11RHI:    0. 'NVIDIA GeForce RTX 2070 SUPER' (Feature Level 11_0)
[2020.05.03-14.48.34:458][  0]LogD3D11RHI:       8011/0/8171 MB DedicatedVideo/DedicatedSystem/SharedSystem, Outputs:2, VendorId:0x10de
[2020.05.03-14.48.34:461][  0]LogD3D11RHI:    1. 'Microsoft Basic Render Driver' (Feature Level 11_0)
[2020.05.03-14.48.34:461][  0]LogD3D11RHI:       0/0/8171 MB DedicatedVideo/DedicatedSystem/SharedSystem, Outputs:0, VendorId:0x1414
[2020.05.03-14.48.34:461][  0]LogD3D11RHI: Chosen D3D11 Adapter: 0
[2020.05.03-14.48.34:479][  0]LogD3D11RHI: Creating new Direct3DDevice
[2020.05.03-14.48.34:479][  0]LogD3D11RHI:     GPU DeviceId: 0x1e84 (for the marketing name, search the web for "GPU Device Id")
[2020.05.03-14.48.34:479][  0]LogWindows: EnumDisplayDevices:
[2020.05.03-14.48.34:479][  0]LogWindows:    0. 'NVIDIA GeForce RTX 2070 SUPER' (P:1 D:1)
[2020.05.03-14.48.34:480][  0]LogWindows:    1. 'NVIDIA GeForce RTX 2070 SUPER' (P:0 D:1)
[2020.05.03-14.48.34:480][  0]LogWindows:    2. 'NVIDIA GeForce RTX 2070 SUPER' (P:0 D:0)
[2020.05.03-14.48.34:480][  0]LogWindows:    3. 'NVIDIA GeForce RTX 2070 SUPER' (P:0 D:0)
[2020.05.03-14.48.34:480][  0]LogWindows: DebugString: FoundDriverCount:4 
[2020.05.03-14.48.34:480][  0]LogD3D11RHI:     Adapter Name: NVIDIA GeForce RTX 2070 SUPER
[2020.05.03-14.48.34:480][  0]LogD3D11RHI:   Driver Version: 440.97 (internal:26.21.14.4097, unified:440.97)
[2020.05.03-14.48.34:480][  0]LogD3D11RHI:      Driver Date: 10-16-2019
[2020.05.03-14.48.34:480][  0]LogRHI: Texture pool is 5607 MB (70% of 8011 MB)
[2020.05.03-14.48.34:527][  0]LogD3D11RHI: RHI has support for 64 bit atomics
[2020.05.03-14.48.34:527][  0]LogD3D11RHI: Async texture creation enabled
[2020.05.03-14.48.34:675][  0]LogD3D11RHI: GPU Timing Frequency: 1000.000000 (Debug: 2 1)
[2020.05.03-14.48.35:652][  0]LogTargetPlatformManager: Display: Loaded TargetPlatform 'AllDesktop'
[2020.05.03-14.48.35:753][  0]LogTargetPlatformManager: Display: Loaded TargetPlatform 'Android'
[2020.05.03-14.48.35:753][  0]LogTargetPlatformManager: Display: Loaded TargetPlatform 'Android_ASTC'
[2020.05.03-14.48.35:753][  0]LogTargetPlatformManager: Display: Loaded TargetPlatform 'Android_ATC'
[2020.05.03-14.48.35:753][  0]LogTargetPlatformManager: Display: Loaded TargetPlatform 'Android_DXT'
[2020.05.03-14.48.35:753][  0]LogTargetPlatformManager: Display: Loaded TargetPlatform 'Android_ETC1'
[2020.05.03-14.48.35:753][  0]LogTargetPlatformManager: Display: Loaded TargetPlatform 'Android_ETC1a'
[2020.05.03-14.48.35:753][  0]LogTargetPlatformManager: Display: Loaded TargetPlatform 'Android_ETC2'
[2020.05.03-14.48.35:753][  0]LogTargetPlatformManager: Display: Loaded TargetPlatform 'Android_PVRTC'
[2020.05.03-14.48.35:753][  0]LogTargetPlatformManager: Display: Loaded TargetPlatform 'AndroidClient'
[2020.05.03-14.48.35:753][  0]LogTargetPlatformManager: Display: Loaded TargetPlatform 'Android_ASTCClient'
[2020.05.03-14.48.35:753][  0]LogTargetPlatformManager: Display: Loaded TargetPlatform 'Android_ATCClient'
[2020.05.03-14.48.35:753][  0]LogTargetPlatformManager: Display: Loaded TargetPlatform 'Android_DXTClient'
[2020.05.03-14.48.35:753][  0]LogTargetPlatformManager: Display: Loaded TargetPlatform 'Android_ETC1Client'
[2020.05.03-14.48.35:753][  0]LogTargetPlatformManager: Display: Loaded TargetPlatform 'Android_ETC1aClient'
[2020.05.03-14.48.35:753][  0]LogTargetPlatformManager: Display: Loaded TargetPlatform 'Android_ETC2Client'
[2020.05.03-14.48.35:753][  0]LogTargetPlatformManager: Display: Loaded TargetPlatform 'Android_PVRTCClient'
[2020.05.03-14.48.35:753][  0]LogTargetPlatformManager: Display: Loaded TargetPlatform 'Android_Multi'
[2020.05.03-14.48.35:753][  0]LogTargetPlatformManager: Display: Loaded TargetPlatform 'Android_MultiClient'
[2020.05.03-14.48.35:904][  0]LogTargetPlatformManager: Display: Loaded TargetPlatform 'IOSClient'
[2020.05.03-14.48.35:904][  0]LogTargetPlatformManager: Display: Loaded TargetPlatform 'IOS'
[2020.05.03-14.48.35:936][  0]LogTargetPlatformManager: Display: Loaded TargetPlatform 'LinuxNoEditor'
[2020.05.03-14.48.35:971][  0]LogTargetPlatformManager: Display: Loaded TargetPlatform 'LinuxClient'
[2020.05.03-14.48.35:995][  0]LogTargetPlatformManager: Display: Loaded TargetPlatform 'LinuxServer'
[2020.05.03-14.48.36:022][  0]LogTargetPlatformManager: Display: Loaded TargetPlatform 'LinuxAArch64NoEditor'
[2020.05.03-14.48.36:048][  0]LogTargetPlatformManager: Display: Loaded TargetPlatform 'LinuxAArch64Client'
[2020.05.03-14.48.36:077][  0]LogTargetPlatformManager: Display: Loaded TargetPlatform 'LinuxAArch64Server'
[2020.05.03-14.48.36:127][  0]LogTargetPlatformManager: Display: Loaded TargetPlatform 'Lumin'
[2020.05.03-14.48.36:127][  0]LogTargetPlatformManager: Display: Loaded TargetPlatform 'LuminClient'
[2020.05.03-14.48.36:164][  0]LogTargetPlatformManager: Display: Loaded TargetPlatform 'TVOSClient'
[2020.05.03-14.48.36:164][  0]LogTargetPlatformManager: Display: Loaded TargetPlatform 'TVOS'
[2020.05.03-14.48.36:227][  0]LogTargetPlatformManager: Display: Loaded TargetPlatform 'WindowsNoEditor'
[2020.05.03-14.48.36:281][  0]LogTargetPlatformManager: Display: Loaded TargetPlatform 'Windows'
[2020.05.03-14.48.36:302][  0]LogTargetPlatformManager: Display: Loaded TargetPlatform 'WindowsClient'
[2020.05.03-14.48.36:338][  0]LogTargetPlatformManager: Display: Loaded TargetPlatform 'WindowsServer'
[2020.05.03-14.48.36:338][  0]LogTargetPlatformManager: Display: Building Assets For Windows
[2020.05.03-14.48.36:505][  0]LogAudioDebug: Display: Lib vorbis DLL was dynamically loaded.
[2020.05.03-14.48.37:301][  0]LogShaderCompilers: Guid format shader working directory is 23 characters bigger than the processId version (E:/COVID/CharacterandAI/Intermediate/Shaders/WorkingDirectory/4284/).
[2020.05.03-14.48.37:301][  0]LogShaderCompilers: Cleaned the shader compiler working directory 'C:/Users/Smoky/AppData/Local/Temp/UnrealShaderWorkingDir/386051074818BD01DAF40D8E2A133F3D/'.
[2020.05.03-14.48.37:301][  0]LogXGEController: Cleaning working directory: C:/Users/Smoky/AppData/Local/Temp/UnrealXGEWorkingDir/
[2020.05.03-14.48.37:302][  0]LogXGEController: Cannot use XGE Controller as Incredibuild is not installed on this machine.
[2020.05.03-14.48.37:302][  0]LogShaderCompilers: Cannot use XGE Shader Compiler as Incredibuild is not installed on this machine.
[2020.05.03-14.48.37:302][  0]LogShaderCompilers: Display: Using Local Shader Compiler.
[2020.05.03-14.48.41:253][  0]LogDerivedDataCache: Display: Max Cache Size: 512 MB
[2020.05.03-14.48.41:446][  0]LogDerivedDataCache: Loaded boot cache 0.19s 78MB C:/Users/Smoky/AppData/Local/UnrealEngine/4.24/DerivedDataCache/Boot.ddc.
[2020.05.03-14.48.41:446][  0]LogDerivedDataCache: Display: Loaded Boot cache: C:/Users/Smoky/AppData/Local/UnrealEngine/4.24/DerivedDataCache/Boot.ddc
[2020.05.03-14.48.41:446][  0]LogDerivedDataCache: FDerivedDataBackendGraph:  Pak pak cache file E:/COVID/CharacterandAI/DerivedDataCache/DDC.ddp not found, will not use a pak cache.
[2020.05.03-14.48.41:446][  0]LogDerivedDataCache: Unable to find inner node Pak for hierarchical cache Hierarchy.
[2020.05.03-14.48.41:446][  0]LogDerivedDataCache: FDerivedDataBackendGraph:  CompressedPak pak cache file E:/COVID/CharacterandAI/DerivedDataCache/Compressed.ddp not found, will not use a pak cache.
[2020.05.03-14.48.41:446][  0]LogDerivedDataCache: Unable to find inner node CompressedPak for hierarchical cache Hierarchy.
[2020.05.03-14.48.41:500][  0]LogDerivedDataCache: Display: Pak cache opened for reading ../../../Engine/DerivedDataCache/Compressed.ddp.
[2020.05.03-14.48.41:500][  0]LogDerivedDataCache: FDerivedDataBackendGraph:  EnterprisePak pak cache file ../../../Enterprise/DerivedDataCache/Compressed.ddp not found, will not use a pak cache.
[2020.05.03-14.48.41:500][  0]LogDerivedDataCache: Unable to find inner node EnterprisePak for hierarchical cache Hierarchy.
[2020.05.03-14.48.41:502][  0]LogDerivedDataCache: Using Local data cache path C:/Users/Smoky/AppData/Local/UnrealEngine/Common/DerivedDataCache: Writable
[2020.05.03-14.48.41:502][  0]LogDerivedDataCache: Shared data cache path not found in *engine.ini, will not use an Shared cache.
[2020.05.03-14.48.41:502][  0]LogDerivedDataCache: Unable to find inner node Shared for hierarchical cache Hierarchy.
[2020.05.03-14.48.41:556][  0]LogMaterial: Verifying Global Shaders for PCD3D_SM5
[2020.05.03-14.48.41:622][  0]LogSlate: Using FreeType 2.10.0
[2020.05.03-14.48.41:750][  0]LogSlate: SlateFontServices - WITH_FREETYPE: 1, WITH_HARFBUZZ: 1
[2020.05.03-14.48.42:814][  0]LogAssetRegistry: FAssetRegistry took 0.0048 seconds to start up
[2020.05.03-14.48.46:434][  0]LogInit: Selected Device Profile: [Windows]
[2020.05.03-14.48.47:852][  0]LogMeshReduction: Using QuadricMeshReduction for automatic static mesh reduction
[2020.05.03-14.48.47:852][  0]LogMeshReduction: Using SimplygonMeshReduction for automatic skeletal mesh reduction
[2020.05.03-14.48.47:852][  0]LogMeshReduction: Using ProxyLODMeshReduction for automatic mesh merging
[2020.05.03-14.48.47:852][  0]LogMeshReduction: No distributed automatic mesh merging module available
[2020.05.03-14.48.47:852][  0]LogMeshMerging: No distributed automatic mesh merging module available
[2020.05.03-14.48.48:118][  0]LogNetVersion: CharacterandAI 1.0.0, NetCL: 10570792, EngineNetVer: 13, GameNetVer: 0 (Checksum: 309355087)
[2020.05.03-14.49.06:390][  0]LogPackageLocalizationCache: Processed 10 localized package path(s) for 1 prioritized culture(s) in 0.058902 seconds
[2020.05.03-14.49.06:416][  0]LogUObjectArray: 46750 objects as part of root set at end of initial load.
[2020.05.03-14.49.06:416][  0]LogUObjectAllocator: 8137160 out of 0 bytes used by permanent object pool.
[2020.05.03-14.49.06:416][  0]LogUObjectArray: CloseDisregardForGC: 0/0 objects in disregard for GC pool
[2020.05.03-14.49.11:079][  0]LogTcpMessaging: Initializing TcpMessaging bridge
[2020.05.03-14.49.11:145][  0]LogUdpMessaging: Initializing bridge on interface 0.0.0.0:0 to multicast group 230.0.0.1:6666.
[2020.05.03-14.49.11:916][  0]SourceControl: Source control is disabled
[2020.05.03-14.49.11:930][  0]LogWindows: Warning: CreateProc failed: The system cannot find the file specified. (0x00000002)
[2020.05.03-14.49.11:930][  0]LogWindows: Warning: URL: C:/Program Files/Git/bin/git.exe version
[2020.05.03-14.49.11:931][  0]LogWindows: Warning: CreateProc failed: The system cannot find the file specified. (0x00000002)
[2020.05.03-14.49.11:931][  0]LogWindows: Warning: URL: C:/Program Files (x86)/Git/bin/git.exe version
[2020.05.03-14.49.11:931][  0]LogWindows: Warning: CreateProc failed: The system cannot find the file specified. (0x00000002)
[2020.05.03-14.49.11:931][  0]LogWindows: Warning: URL: C:\Users\Smoky\AppData\Local/Programs/Git/cmd/git.exe version
[2020.05.03-14.49.11:931][  0]LogWindows: Warning: CreateProc failed: The system cannot find the file specified. (0x00000002)
[2020.05.03-14.49.11:931][  0]LogWindows: Warning: URL: C:/Program Files (x86)/SmartGit/git/bin/git.exe version
[2020.05.03-14.49.11:931][  0]LogWindows: Warning: CreateProc failed: The system cannot find the file specified. (0x00000002)
[2020.05.03-14.49.11:931][  0]LogWindows: Warning: URL: C:/Program Files (x86)/SmartGit/bin/git.exe version
[2020.05.03-14.49.11:932][  0]LogWindows: Warning: CreateProc failed: The system cannot find the file specified. (0x00000002)
[2020.05.03-14.49.11:932][  0]LogWindows: Warning: URL: C:\Users\Smoky\AppData\Local/Atlassian/SourceTree/git_local/bin/git.exe version
[2020.05.03-14.49.11:932][  0]LogWindows: Warning: CreateProc failed: The system cannot find the file specified. (0x00000002)
[2020.05.03-14.49.11:932][  0]LogWindows: Warning: URL: C:/Program Files (x86)/fournova/Tower/vendor/Git/bin/git.exe version
[2020.05.03-14.49.11:986][  0]LogWindows: Warning: CreateProc failed: The system cannot find the file specified. (0x00000002)
[2020.05.03-14.49.11:986][  0]LogWindows: Warning: URL: C:/Program Files/Git/bin/git.exe version
[2020.05.03-14.49.11:986][  0]LogWindows: Warning: CreateProc failed: The system cannot find the file specified. (0x00000002)
[2020.05.03-14.49.11:986][  0]LogWindows: Warning: URL: C:/Program Files (x86)/Git/bin/git.exe version
[2020.05.03-14.49.11:986][  0]LogWindows: Warning: CreateProc failed: The system cannot find the file specified. (0x00000002)
[2020.05.03-14.49.11:986][  0]LogWindows: Warning: URL: C:\Users\Smoky\AppData\Local/Programs/Git/cmd/git.exe version
[2020.05.03-14.49.11:986][  0]LogWindows: Warning: CreateProc failed: The system cannot find the file specified. (0x00000002)
[2020.05.03-14.49.11:986][  0]LogWindows: Warning: URL: C:/Program Files (x86)/SmartGit/git/bin/git.exe version
[2020.05.03-14.49.11:986][  0]LogWindows: Warning: CreateProc failed: The system cannot find the file specified. (0x00000002)
[2020.05.03-14.49.11:986][  0]LogWindows: Warning: URL: C:/Program Files (x86)/SmartGit/bin/git.exe version
[2020.05.03-14.49.11:986][  0]LogWindows: Warning: CreateProc failed: The system cannot find the file specified. (0x00000002)
[2020.05.03-14.49.11:986][  0]LogWindows: Warning: URL: C:\Users\Smoky\AppData\Local/Atlassian/SourceTree/git_local/bin/git.exe version
[2020.05.03-14.49.11:986][  0]LogWindows: Warning: CreateProc failed: The system cannot find the file specified. (0x00000002)
[2020.05.03-14.49.11:986][  0]LogWindows: Warning: URL: C:/Program Files (x86)/fournova/Tower/vendor/Git/bin/git.exe version
[2020.05.03-14.49.12:030][  0]LogWindows: Warning: CreateProc failed: The system cannot find the file specified. (0x00000002)
[2020.05.03-14.49.12:030][  0]LogWindows: Warning: URL: C:/Program Files/Git/bin/git.exe version
[2020.05.03-14.49.12:030][  0]LogWindows: Warning: CreateProc failed: The system cannot find the file specified. (0x00000002)
[2020.05.03-14.49.12:030][  0]LogWindows: Warning: URL: C:/Program Files (x86)/Git/bin/git.exe version
[2020.05.03-14.49.12:030][  0]LogWindows: Warning: CreateProc failed: The system cannot find the file specified. (0x00000002)
[2020.05.03-14.49.12:030][  0]LogWindows: Warning: URL: C:\Users\Smoky\AppData\Local/Programs/Git/cmd/git.exe version
[2020.05.03-14.49.12:030][  0]LogWindows: Warning: CreateProc failed: The system cannot find the file specified. (0x00000002)
[2020.05.03-14.49.12:030][  0]LogWindows: Warning: URL: C:/Program Files (x86)/SmartGit/git/bin/git.exe version
[2020.05.03-14.49.12:030][  0]LogWindows: Warning: CreateProc failed: The system cannot find the file specified. (0x00000002)
[2020.05.03-14.49.12:030][  0]LogWindows: Warning: URL: C:/Program Files (x86)/SmartGit/bin/git.exe version
[2020.05.03-14.49.12:030][  0]LogWindows: Warning: CreateProc failed: The system cannot find the file specified. (0x00000002)
[2020.05.03-14.49.12:030][  0]LogWindows: Warning: URL: C:\Users\Smoky\AppData\Local/Atlassian/SourceTree/git_local/bin/git.exe version
[2020.05.03-14.49.12:030][  0]LogWindows: Warning: CreateProc failed: The system cannot find the file specified. (0x00000002)
[2020.05.03-14.49.12:030][  0]LogWindows: Warning: URL: C:/Program Files (x86)/fournova/Tower/vendor/Git/bin/git.exe version
[2020.05.03-14.49.12:072][  0]LogWindows: Warning: CreateProc failed: The system cannot find the file specified. (0x00000002)
[2020.05.03-14.49.12:072][  0]LogWindows: Warning: URL: C:/Program Files/Git/bin/git.exe version
[2020.05.03-14.49.12:072][  0]LogWindows: Warning: CreateProc failed: The system cannot find the file specified. (0x00000002)
[2020.05.03-14.49.12:072][  0]LogWindows: Warning: URL: C:/Program Files (x86)/Git/bin/git.exe version
[2020.05.03-14.49.12:072][  0]LogWindows: Warning: CreateProc failed: The system cannot find the file specified. (0x00000002)
[2020.05.03-14.49.12:072][  0]LogWindows: Warning: URL: C:\Users\Smoky\AppData\Local/Programs/Git/cmd/git.exe version
[2020.05.03-14.49.12:072][  0]LogWindows: Warning: CreateProc failed: The system cannot find the file specified. (0x00000002)
[2020.05.03-14.49.12:072][  0]LogWindows: Warning: URL: C:/Program Files (x86)/SmartGit/git/bin/git.exe version
[2020.05.03-14.49.12:072][  0]LogWindows: Warning: CreateProc failed: The system cannot find the file specified. (0x00000002)
[2020.05.03-14.49.12:072][  0]LogWindows: Warning: URL: C:/Program Files (x86)/SmartGit/bin/git.exe version
[2020.05.03-14.49.12:073][  0]LogWindows: Warning: CreateProc failed: The system cannot find the file specified. (0x00000002)
[2020.05.03-14.49.12:073][  0]LogWindows: Warning: URL: C:\Users\Smoky\AppData\Local/Atlassian/SourceTree/git_local/bin/git.exe version
[2020.05.03-14.49.12:073][  0]LogWindows: Warning: CreateProc failed: The system cannot find the file specified. (0x00000002)
[2020.05.03-14.49.12:073][  0]LogWindows: Warning: URL: C:/Program Files (x86)/fournova/Tower/vendor/Git/bin/git.exe version
[2020.05.03-14.49.12:145][  0]LogVSAccessor: Display: Unable to create Visual Studio setup instance: 80040154
[2020.05.03-14.49.12:146][  0]LogVSAccessor: Display: Unable to create Visual Studio setup instance: 80040154
[2020.05.03-14.49.13:438][  0]LogAndroidPermission: UAndroidPermissionCallbackProxy::GetInstance
[2020.05.03-14.49.13:599][  0]LogAudioCaptureCore: Display: No Audio Capture implementations found. Audio input will be silent.
[2020.05.03-14.49.13:599][  0]LogAudioCaptureCore: Display: No Audio Capture implementations found. Audio input will be silent.
[2020.05.03-14.49.14:137][  0]LogOcInput: OculusInput pre-init called
[2020.05.03-14.49.14:259][  0]LogWindows: Failed to load 'OVRPlugin.dll' (GetLastError=126)
[2020.05.03-14.49.14:259][  0]LogWindows: File 'OVRPlugin.dll' does not exist
[2020.05.03-14.49.15:231][  0]LogEngine: Initializing Engine...
[2020.05.03-14.49.15:248][  0]LogHMD: Failed to initialize OpenVR with code 110
[2020.05.03-14.49.15:278][  0]LogUObjectGlobals: Warning: Failed to find object 'DataTable None.'
[2020.05.03-14.49.15:300][  0]LogStats: UGameplayTagsManager::InitializeManager -  0.023 s
[2020.05.03-14.49.16:297][  0]LogInit: Initializing FReadOnlyCVARCache
[2020.05.03-14.49.16:654][  0]LogAIModule: Creating AISystem for world Untitled
[2020.05.03-14.49.16:759][  0]LogAudioMixer: Display: Audio Mixer Platform Settings:
[2020.05.03-14.49.16:759][  0]LogAudioMixer: Display: 	Sample Rate:						  48000
[2020.05.03-14.49.16:759][  0]LogAudioMixer: Display: 	Callback Buffer Frame Size Requested: 1024
[2020.05.03-14.49.16:759][  0]LogAudioMixer: Display: 	Callback Buffer Frame Size To Use:	  1024
[2020.05.03-14.49.16:759][  0]LogAudioMixer: Display: 	Number of buffers to queue:			  2
[2020.05.03-14.49.16:759][  0]LogAudioMixer: Display: 	Max Channels (voices):				  32
[2020.05.03-14.49.16:759][  0]LogAudioMixer: Display: 	Number of Async Source Workers:		  0
[2020.05.03-14.49.16:759][  0]LogAudio: Display: AudioDevice MaxSources: 32
[2020.05.03-14.49.16:765][  0]LogAudio: Display: Using built-in audio occlusion.
[2020.05.03-14.49.16:765][  0]LogAudioMixer: Display: Initializing audio mixer.
[2020.05.03-14.49.16:826][  0]LogAudioMixer: Display: Audio Device Output Speaker Info:
[2020.05.03-14.49.16:826][  0]LogAudioMixer: Display: Name: Speakers (Logitech G930 Gaming Headset)
[2020.05.03-14.49.16:826][  0]LogAudioMixer: Display: Is Default: Yes
[2020.05.03-14.49.16:826][  0]LogAudioMixer: Display: Sample Rate: 48000
[2020.05.03-14.49.16:826][  0]LogAudioMixer: Display: Channel Count Used: 8
[2020.05.03-14.49.16:826][  0]LogAudioMixer: Display: Device Channel Count: 8
[2020.05.03-14.49.16:826][  0]LogAudioMixer: Display: Channel Order:
[2020.05.03-14.49.16:826][  0]LogAudioMixer: Display: 0: FrontLeft
[2020.05.03-14.49.16:826][  0]LogAudioMixer: Display: 1: FrontRight
[2020.05.03-14.49.16:826][  0]LogAudioMixer: Display: 2: FrontCenter
[2020.05.03-14.49.16:826][  0]LogAudioMixer: Display: 3: LowFrequency
[2020.05.03-14.49.16:826][  0]LogAudioMixer: Display: 4: BackLeft
[2020.05.03-14.49.16:826][  0]LogAudioMixer: Display: 5: BackRight
[2020.05.03-14.49.16:826][  0]LogAudioMixer: Display: 6: SideLeft
[2020.05.03-14.49.16:826][  0]LogAudioMixer: Display: 7: SideRight
[2020.05.03-14.49.16:857][  0]LogAudioMixer: Display: Using Audio Device Speakers (Logitech G930 Gaming Headset)
[2020.05.03-14.49.16:872][  0]LogInit: FAudioDevice initialized.
[2020.05.03-14.49.16:872][  0]LogNetVersion: Set ProjectVersion to 1.0.0.0. Version Checksum will be recalculated on next use.
[2020.05.03-14.49.16:944][  0]LogDerivedDataCache: Saved boot cache 0.07s 78MB C:/Users/Smoky/AppData/Local/UnrealEngine/4.24/DerivedDataCache/Boot.ddc.
[2020.05.03-14.49.16:948][  0]LogInit: Texture streaming: Enabled
[2020.05.03-14.49.17:126][  0]LogEngineSessionManager: EngineSessionManager initialized
[2020.05.03-14.49.17:126][  0]LogEditorSessionSummary: Verbose: Initializing EditorSessionSummaryWriter for editor session tracking
[2020.05.03-14.49.17:127][  0]LogEditorSessionSummary: EditorSessionSummaryWriter initialized
[2020.05.03-14.49.18:019][  0]LogInit: Transaction tracking system initialized
[2020.05.03-14.49.18:777][  0]BlueprintLog: New page: Editor Load
[2020.05.03-14.49.20:417][  0]LocalizationService: Localization service is disabled
[2020.05.03-14.49.21:832][  0]LogVSAccessor: Display: Unable to create Visual Studio setup instance: 80040154
[2020.05.03-14.49.21:833][  0]LogVSAccessor: Display: Unable to create Visual Studio setup instance: 80040154
[2020.05.03-14.49.25:113][  0]LogFileCache: Scanning file cache for directory 'E:/COVID/CharacterandAI/Content/' took 0.02s
[2020.05.03-14.49.25:113][  0]LogCook: Display: Max memory allowance for cook 16384mb min free memory 0mb
[2020.05.03-14.49.25:113][  0]LogCook: Display: Mobile HDR setting 1
[2020.05.03-14.49.30:204][  0]LogWindows: Warning: CreateProc failed: The system cannot find the file specified. (0x00000002)
[2020.05.03-14.49.30:204][  0]LogWindows: Warning: URL: C:/Program Files/Git/bin/git.exe version
[2020.05.03-14.49.30:204][  0]LogWindows: Warning: CreateProc failed: The system cannot find the file specified. (0x00000002)
[2020.05.03-14.49.30:204][  0]LogWindows: Warning: URL: C:/Program Files (x86)/Git/bin/git.exe version
[2020.05.03-14.49.30:204][  0]LogWindows: Warning: CreateProc failed: The system cannot find the file specified. (0x00000002)
[2020.05.03-14.49.30:204][  0]LogWindows: Warning: URL: C:\Users\Smoky\AppData\Local/Programs/Git/cmd/git.exe version
[2020.05.03-14.49.30:204][  0]LogWindows: Warning: CreateProc failed: The system cannot find the file specified. (0x00000002)
[2020.05.03-14.49.30:204][  0]LogWindows: Warning: URL: C:/Program Files (x86)/SmartGit/git/bin/git.exe version
[2020.05.03-14.49.30:204][  0]LogWindows: Warning: CreateProc failed: The system cannot find the file specified. (0x00000002)
[2020.05.03-14.49.30:204][  0]LogWindows: Warning: URL: C:/Program Files (x86)/SmartGit/bin/git.exe version
[2020.05.03-14.49.30:204][  0]LogWindows: Warning: CreateProc failed: The system cannot find the file specified. (0x00000002)
[2020.05.03-14.49.30:204][  0]LogWindows: Warning: URL: C:\Users\Smoky\AppData\Local/Atlassian/SourceTree/git_local/bin/git.exe version
[2020.05.03-14.49.30:204][  0]LogWindows: Warning: CreateProc failed: The system cannot find the file specified. (0x00000002)
[2020.05.03-14.49.30:204][  0]LogWindows: Warning: URL: C:/Program Files (x86)/fournova/Tower/vendor/Git/bin/git.exe version
[2020.05.03-14.49.30:296][  0]Cmd: MAP LOAD FILE="E:/COVID/CharacterandAI/Content/Maps/Welcome.umap" TEMPLATE=0 SHOWPROGRESS=1 FEATURELEVEL=3
[2020.05.03-14.49.30:323][  0]LightingResults: New page: Lighting Build
[2020.05.03-14.49.30:388][  0]LogWorld: UWorld::CleanupWorld for Untitled, bSessionEnded=true, bCleanupResources=true
[2020.05.03-14.49.30:405][  0]LogSlate: InvalidateAllWidgets triggered.  All widgets were invalidated
[2020.05.03-14.49.30:407][  0]MapCheck: New page: Map Check
[2020.05.03-14.49.30:407][  0]LightingResults: New page: Lighting Build
[2020.05.03-14.49.30:606][  0]LogUObjectHash: Compacting FUObjectHashTables data took   1.90ms
[2020.05.03-14.49.30:808][  0]LogAIModule: Creating AISystem for world Welcome
[2020.05.03-14.49.30:928][  0]LogEditorServer: Finished looking for orphan Actors (0.000 secs)
[2020.05.03-14.49.31:042][  0]LogUObjectHash: Compacting FUObjectHashTables data took   0.77ms
[2020.05.03-14.49.31:042][  0]Cmd: MAP CHECKDEP NOCLEARLOG
[2020.05.03-14.49.31:063][  0]MapCheck: Map check complete: 0 Error(s), 0 Warning(s), took 21.06ms to complete.
[2020.05.03-14.49.31:063][  0]LogFileHelpers: Loading map 'Welcome' took 0.808
[2020.05.03-14.49.33:192][  0]LogSlate: Updating window title bar state: overlay mode, drag disabled, window buttons hidden, title bar hidden
[2020.05.03-14.49.33:248][  0]LogSlate: Updating window title bar state: overlay mode, drag disabled, window buttons hidden, title bar hidden
[2020.05.03-14.49.33:254][  0]LogSlate: Updating window title bar state: overlay mode, drag disabled, window buttons hidden, title bar hidden
[2020.05.03-14.49.33:262][  0]LogSlate: Updating window title bar state: overlay mode, drag disabled, window buttons hidden, title bar hidden
[2020.05.03-14.49.34:556][  0]LogCollectionManager: Loaded 0 collections in 0.000848 seconds
[2020.05.03-14.49.34:669][  0]LogFileCache: Scanning file cache for directory 'E:/COVID/CharacterandAI/Saved/Collections/' took 0.00s
[2020.05.03-14.49.34:669][  0]LogFileCache: Scanning file cache for directory 'E:/COVID/CharacterandAI/Content/Developers/Smoky/Collections/' took 0.00s
[2020.05.03-14.49.34:669][  0]LogFileCache: Scanning file cache for directory 'E:/COVID/CharacterandAI/Content/Collections/' took 0.00s
[2020.05.03-14.49.34:669][  0]LogContentBrowser: Native class hierarchy populated in 0.0086 seconds. Added 3019 classes and 723 folders.
[2020.05.03-14.49.34:724][  0]LogContentBrowser: Native class hierarchy updated for 'WidgetCarousel' in 0.0003 seconds. Added 0 classes and 0 folders.
[2020.05.03-14.49.36:241][  0]LogContentBrowser: Native class hierarchy updated for 'AddContentDialog' in 0.0003 seconds. Added 0 classes and 0 folders.
[2020.05.03-14.49.36:313][  0]LogSlate: Took 0.029639 seconds to synchronously load lazily loaded font '../../../Engine/Content/Slate/Fonts/Roboto-Regular.ttf' (155K)
[2020.05.03-14.49.36:358][  0]LogSlate: Took 0.015571 seconds to synchronously load lazily loaded font '../../../Engine/Content/Slate/Fonts/Roboto-Bold.ttf' (160K)
[2020.05.03-14.49.36:398][  0]LogSlate: Took 0.018751 seconds to synchronously load lazily loaded font '../../../Engine/Content/Editor/Slate/Fonts/FontAwesome.ttf' (139K)
[2020.05.03-14.49.36:758][  0]LogRenderer: Reallocating scene render targets to support 1916x924 Format 10 NumSamples 1 (Frame:1).
[2020.05.03-14.49.37:067][  0]LogContentBrowser: Native class hierarchy updated for 'HierarchicalLODOutliner' in 0.0004 seconds. Added 0 classes and 0 folders.
[2020.05.03-14.49.37:067][  0]LogLoad: (Engine Initialization) Total time: 86.98 seconds
[2020.05.03-14.49.37:067][  0]LogLoad: (Engine Initialization) Total Blueprint compile time: 0.00 seconds
[2020.05.03-14.49.37:296][  0]LogContentStreaming: Texture pool size now 1000 MB
[2020.05.03-14.49.39:422][ 29]LogAssetRegistry: Asset discovery search completed in 56.6091 seconds
[2020.05.03-14.49.39:448][ 29]LogCollectionManager: Fixed up redirectors for 0 collections in 0.000008 seconds (updated 0 objects)
[2020.05.03-14.49.41:900][307]LogSlate: Took 0.049614 seconds to synchronously load lazily loaded font '../../../Engine/Content/Slate/Fonts/Roboto-Light.ttf' (167K)
[2020.05.03-14.49.42:932][307]LogLevelStreaming: Display: Failed to find streaming level package file: /Game/Maps/Levels/BossRoom_01/BossRoom_01_LA_Old. This streaming level may not load or save properly.
[2020.05.03-14.49.43:004][307]LogAIModule: Creating AISystem for world BossRoom_01
[2020.05.03-14.49.43:282][307]LogAssetEditorSubsystem: Opening Asset editor for World /Game/Maps/Levels/BossRoom_01/BossRoom_01.BossRoom_01
[2020.05.03-14.49.43:382][307]LogUObjectHash: Compacting FUObjectHashTables data took   2.53ms
[2020.05.03-14.49.43:580][307]Cmd: MAP LOAD FILE="E:/COVID/CharacterandAI/Content/Maps/Levels/BossRoom_01/BossRoom_01.umap" TEMPLATE=0 SHOWPROGRESS=1 FEATURELEVEL=3
[2020.05.03-14.49.43:596][307]LightingResults: New page: Lighting Build
[2020.05.03-14.49.43:597][307]LoadErrors: New page: Loading map: BossRoom_01.umap
[2020.05.03-14.49.43:613][307]LogWorld: UWorld::CleanupWorld for Welcome, bSessionEnded=true, bCleanupResources=true
[2020.05.03-14.49.43:613][307]LogSlate: InvalidateAllWidgets triggered.  All widgets were invalidated
[2020.05.03-14.49.43:698][307]MapCheck: New page: Map Check
[2020.05.03-14.49.43:699][307]LightingResults: New page: Lighting Build
[2020.05.03-14.49.43:737][307]LogUObjectHash: Compacting FUObjectHashTables data took   1.46ms
[2020.05.03-14.49.44:045][307]LogStreaming: Display: ULevelStreaming::RequestLevel(/Game/Maps/Levels/BossRoom_01/BossRoom_01_Light_V03) is flushing async loading
[2020.05.03-14.49.44:045][307]LogStreaming: Display: Flushing async loaders.
[2020.05.03-14.49.45:038][307]LogStreaming: Display: ULevelStreaming::RequestLevel(/Game/Maps/Levels/BossRoom_01/BossRoom_01_Light) is flushing async loading
[2020.05.03-14.49.45:047][307]LogStreaming: Display: ULevelStreaming::RequestLevel(/Game/Maps/Levels/BossRoom_01/BossRoom_01_VFX) is flushing async loading
[2020.05.03-14.49.45:057][307]LogStreaming: Display: ULevelStreaming::RequestLevel(/Game/Maps/Levels/BossRoom_01/BossRoom_01_SFX) is flushing async loading
[2020.05.03-14.49.45:059][307]LogStreaming: Error: Couldn't find file for package /Game/Maps/Levels/BossRoom_01/BossRoom_01_LA_Old.
[2020.05.03-14.49.45:059][307]LogStreaming: Display: ULevelStreaming::RequestLevel(/Game/Maps/Levels/BossRoom_01/BossRoom_01_LA_V02) is flushing async loading
[2020.05.03-14.49.45:231][307]LogStaticMesh: Building static mesh SM_Chair_Throne_01...
[2020.05.03-14.49.45:401][307]LogStaticMesh: Built static mesh [0.23s] /Game/LA/Props/Chairs/SM_Chair_Throne_01.SM_Chair_Throne_01
[2020.05.03-14.49.45:612][307]LogStreaming: Display: ULevelStreaming::RequestLevel(/Game/Maps/Levels/BossRoom_01/BossRoom_01_LA_V03) is flushing async loading
[2020.05.03-14.49.45:715][307]LogStreaming: Display: ULevelStreaming::RequestLevel(/Game/Maps/Levels/BossRoom_01/BossRoom_01_Light_V02) is flushing async loading
[2020.05.03-14.49.45:745][307]LogEditorServer: Finished looking for orphan Actors (0.000 secs)
[2020.05.03-14.49.45:799][307]LogUObjectHash: Compacting FUObjectHashTables data took   1.83ms
[2020.05.03-14.49.45:831][307]Cmd: MAP CHECKDEP NOCLEARLOG
[2020.05.03-14.49.45:831][307]MapCheck: Map check complete: 0 Error(s), 0 Warning(s), took 0.26ms to complete.
[2020.05.03-14.49.45:831][307]LogFileHelpers: Loading map 'BossRoom_01' took 2.422
[2020.05.03-14.49.45:910][307]LogFileCache: Retrieving MD5 hashes for directory 'E:/COVID/CharacterandAI/Content/' took 8.78s
[2020.05.03-14.50.19:849][196]LogEditorViewport: Clicking on Actor (LMB): StaticMeshActor (SM_Chair_Throne_4)
[2020.05.03-14.50.42:405][619]LogUObjectHash: Compacting FUObjectHashTables data took   1.58ms
[2020.05.03-14.59.42:098][247]LogUObjectHash: Compacting FUObjectHashTables data took   1.46ms
[2020.05.03-14.59.42:401][247]LogSavePackage: Moving 'E:/COVID/CharacterandAI/Saved/BossRoom_01_Auto1C67D73654D42F12594228E9640FEB85D.tmp' to 'E:/COVID/CharacterandAI/Saved/Autosaves/Game/Maps/Levels/BossRoom_01/BossRoom_01_Auto1.umap'
[2020.05.03-14.59.42:416][247]LogFileHelpers: Editor autosave (incl. sublevels) for '/Game/Maps/Levels/BossRoom_01/BossRoom_01' took 0.339
[2020.05.03-14.59.42:416][247]LogFileHelpers: Editor autosave (incl. sublevels) for all levels took 0.339
[2020.05.03-15.01.50:002][668]LogSlate: Took 0.004972 seconds to synchronously load lazily loaded font '../../../Engine/Content/Slate/Fonts/Roboto-Light.ttf' (167K)
[2020.05.03-15.01.51:837][880]LogStreaming: Display: ULevelStreaming::RequestLevel(/Game/Maps/Levels/BossRoom_01/BossRoom_01_LA) is flushing async loading
[2020.05.03-15.01.51:837][880]LogStreaming: Display: Flushing async loaders.
[2020.05.03-15.01.51:884][880]LogSlate: Window 'Open Level' being destroyed
[2020.05.03-15.09.52:756][220]LogUObjectHash: Compacting FUObjectHashTables data took   2.19ms
[2020.05.03-15.09.52:873][220]LogSavePackage: Moving 'E:/COVID/CharacterandAI/Saved/BossRoom_01_Auto2CE05A7CA42BE79E51C5BA98385E6BB38.tmp' to 'E:/COVID/CharacterandAI/Saved/Autosaves/Game/Maps/Levels/BossRoom_01/BossRoom_01_Auto2.umap'
[2020.05.03-15.09.52:875][220]LogFileHelpers: Editor autosave (incl. sublevels) for '/Game/Maps/Levels/BossRoom_01/BossRoom_01' took 0.141
[2020.05.03-15.09.52:875][220]LogFileHelpers: Editor autosave (incl. sublevels) for all levels took 0.141
[2020.05.03-15.12.00:608][971]LogEditorViewport: Clicking on Actor (LMB): StaticMeshActor (SM_Structure_Blocking_S1B3)
[2020.05.03-15.12.01:303][ 46]LogEditorViewport: Clicking on Actor (LMB): StaticMeshActor (SM_Structure_Blocking_S1B3)
[2020.05.03-15.12.01:738][ 96]LogEditorViewport: Clicking on Actor (LMB): StaticMeshActor (SM_Structure_Blocking_S1B3)
[2020.05.03-15.15.56:656][658]LogEditorViewport: Clicking on Actor (context menu): StaticMeshActor (SM_Pillar_Center_14)
[2020.05.03-15.15.57:340][719]Cmd: SELECT NONE
[2020.05.03-15.18.13:267][926]LogEditorViewport: Clicking on Actor (context menu): StaticMeshActor (SM_Structure_Blocking_S1B2)
[2020.05.03-15.18.19:123][581]Cmd: SELECT NONE
[2020.05.03-15.19.52:766][736]LogUObjectHash: Compacting FUObjectHashTables data took   1.85ms
[2020.05.03-15.19.52:882][736]LogSavePackage: Moving 'E:/COVID/CharacterandAI/Saved/BossRoom_01_Auto3779435864632384E0A869E971166976D.tmp' to 'E:/COVID/CharacterandAI/Saved/Autosaves/Game/Maps/Levels/BossRoom_01/BossRoom_01_Auto3.umap'
[2020.05.03-15.19.52:905][736]LogSavePackage: Moving 'E:/COVID/CharacterandAI/Saved/BossRoom_01_Light_Auto3BC059DD8403BD0F8F5F782B94BB6A5BD.tmp' to 'E:/COVID/CharacterandAI/Saved/Autosaves/Game/Maps/Levels/BossRoom_01/BossRoom_01_Light_Auto3.umap'
[2020.05.03-15.19.52:906][736]LogFileHelpers: Editor autosave (incl. sublevels) for '/Game/Maps/Levels/BossRoom_01/BossRoom_01' took 0.161
[2020.05.03-15.19.52:906][736]LogFileHelpers: Editor autosave (incl. sublevels) for all levels took 0.161
[2020.05.03-15.20.57:787][443]LogWindows: Warning: CreateProc failed: Access is denied. (0x00000005)
[2020.05.03-15.20.57:787][443]LogWindows: Warning: URL: D:/Program Files (x86)/Epic/UE_4.24/Engine/Binaries/Win64/ version
[2020.05.03-15.21.01:661][534]LogSlate: Window 'Source Control Login' being destroyed
[2020.05.03-15.21.08:113][257]Cmd: OBJ SAVEPACKAGE PACKAGE="/Game/Maps/Levels/BossRoom_01/BossRoom_01" FILE="E:/COVID/CharacterandAI/Content/Maps/Levels/BossRoom_01/BossRoom_01.umap" SILENT=true AUTOSAVING=false KEEPDIRTY=false
[2020.05.03-15.21.08:135][257]LogUObjectHash: Compacting FUObjectHashTables data took   1.87ms
[2020.05.03-15.21.08:235][257]LogSavePackage: Moving 'E:/COVID/CharacterandAI/Saved/BossRoom_01C3C70DF14CDE02ECCA4CFAB3ECFAB082.tmp' to 'E:/COVID/CharacterandAI/Content/Maps/Levels/BossRoom_01/BossRoom_01.umap'
[2020.05.03-15.21.08:269][257]LogFileHelpers: Saving map 'BossRoom_01' took 0.156
[2020.05.03-15.21.08:294][257]AssetCheck: New page: Asset Save: BossRoom_01
[2020.05.03-15.21.08:294][257]LogContentValidation: Display: Validating World /Game/Maps/Levels/BossRoom_01/BossRoom_01.BossRoom_01
[2020.05.03-15.21.09:985][438]LogUObjectHash: Compacting FUObjectHashTables data took   1.87ms
[2020.05.03-15.21.10:003][438]LogSavePackage: Moving 'E:/COVID/CharacterandAI/Saved/BossRoom_01_LightB285B51549FE13DCAF919ABC0FB0D3E8.tmp' to 'E:/COVID/CharacterandAI/Content/Maps/Levels/BossRoom_01/BossRoom_01_Light.umap'
[2020.05.03-15.21.10:018][438]AssetCheck: New page: Asset Save: BossRoom_01_Light
[2020.05.03-15.21.10:018][438]LogContentValidation: Display: Validating World /Game/Maps/Levels/BossRoom_01/BossRoom_01_Light.BossRoom_01_Light
